On branch main
Your branch and 'origin/main' have diverged,
and have 3 and 4 different commits each, respectively.
  (use "git pull" if you want to integrate the remote branch with yours)

You have unmerged paths.
  (fix conflicts and run "git commit")
  (use "git merge --abort" to abort the merge)

Changes to be committed:
	modified:   README.md

Unmerged paths:
  (use "git add <file>..." to mark resolution)
	both modified:   lista_clase.md

Untracked files:
  (use "git add <file>..." to include in what will be committed)
	alumnos/GARCIAAREVALO_MANUEL/log_hito1.log
	alumnos/GARCIAAREVALO_MANUEL/log_hito2.log
	alumnos/GARCIAAREVALO_MANUEL/log_hito3_1.log
	alumnos/GARCIAAREVALO_MANUEL/log_hito3_2.log
	alumnos/GARCIAAREVALO_MANUEL/log_hito4.log
	alumnos/GARCIAAREVALO_MANUEL/log_hito5_1.log
	alumnos/GARCIAAREVALO_MANUEL/log_hito5_2.png
	alumnos/GARCIAAREVALO_MANUEL/log_hito6_1.log

